<?xml version="1.0" encoding="UTF-8"?>
<!-- Generated by org.testng.reporters.JUnitReportReporter -->
<testsuite skipped="1" hostname="DESKTOP-0JTJ2UQ" name="tests.UnitTest" tests="4" failures="0" timestamp="08 may 2019 01:02:15 GMT" time="0.030" errors="0">
  <testcase name="extraccionTest" time="0.010" classname="tests.UnitTest"/>
  <testcase name="adicionTest" time="0.014" classname="tests.UnitTest"/>
  <testcase name="divisionTest" time="0.006" classname="tests.UnitTest"/>
  <testcase name="multiplicacionTest" classname="tests.UnitTest">
    <skipped/>
  </testcase> <!-- multiplicacionTest -->
</testsuite> <!-- tests.UnitTest -->
