<?xml version="1.0" encoding="UTF-8"?>
<!-- Generated by org.testng.reporters.JUnitReportReporter -->
<testsuite skipped="1" hostname="DESKTOP-0JTJ2UQ" name="tests.UnitTest" tests="4" failures="0" timestamp="15 feb 2019 04:22:59 GMT" time="0.029" errors="0">
  <testcase name="divisionTest" time="0.001" classname="tests.UnitTest"/>
  <testcase name="adicionTest" time="0.020" classname="tests.UnitTest"/>
  <testcase name="extraccionTest" time="0.008" classname="tests.UnitTest"/>
  <testcase name="multiplicacionTest" classname="tests.UnitTest">
    <skipped/>
  </testcase> <!-- multiplicacionTest -->
</testsuite> <!-- tests.UnitTest -->
